<?xml version="1.0" encoding="UTF-8"?>
<testsuite xmlns:xsi="http://www.w3.org/2001/XMLSchema-instance" xsi:noNamespaceSchemaLocation="https://maven.apache.org/surefire/maven-surefire-plugin/xsd/surefire-test-report-3.0.xsd" version="3.0" name="TestSuite" time="4.584" tests="1" errors="0" skipped="0" failures="0">
  <properties>
[...]
</properties>
  <testcase name="runScenario[&quot;Verify login API with valid credentials&quot;, &quot;Login API Testing&quot;](1)" classname="runner.TestRunner" time="3.215">
    <system-out><![CDATA[
Scenario: Verify login API with valid credentials                                                 # src/test/feature/Login.feature:3
  Given I set the login API endpoint                                                              # script.LoginSteps.i_set_the_login_api_endpoint()
  When I send a POST request with email "gyanaprakashkhnadual@gmail.com" and password "Gyana@123" # script.LoginSteps.i_send_a_post_request_with_email_and_password(java.lang.String,java.lang.String)
  Then the response status code should be 200                                                     # script.LoginSteps.the_response_status_code_should_be(int)
  And the response should contain a token                                                         # script.LoginSteps.the_response_should_contain_a_token()
]]></system-out>
  </testcase>
</testsuite>